<?xml version="1.0" encoding="UTF-8"?>
<coverage generated="1568466316074" clover="3.2.0">
  <project timestamp="1568466316074" name="All files">
    <metrics statements="18" coveredstatements="18" conditionals="26" coveredconditionals="26" methods="6" coveredmethods="6" elements="50" coveredelements="50" complexity="0" loc="18" ncloc="18" packages="1" files="1" classes="1">
      <file name="ConnectionAware.vue" path="/Users/sachazvetelman/Documents/Development/Repositories/vue-connection-aware/src/plugins/ConnectionAware/ConnectionAware.vue">
        <metrics statements="18" coveredstatements="18" conditionals="26" coveredconditionals="26" methods="6" coveredmethods="6"/>
        <line num="8" count="1" type="stmt"/>
        <line num="40" count="35" type="stmt"/>
        <line num="55" count="35" type="cond" truecount="4" falsecount="0"/>
        <line num="56" count="4" type="stmt"/>
        <line num="59" count="31" type="stmt"/>
        <line num="60" count="31" type="cond" truecount="4" falsecount="0"/>
        <line num="61" count="31" type="stmt"/>
        <line num="63" count="31" type="cond" truecount="2" falsecount="0"/>
        <line num="68" count="35" type="cond" truecount="2" falsecount="0"/>
        <line num="69" count="31" type="cond" truecount="2" falsecount="0"/>
        <line num="72" count="35" type="stmt"/>
        <line num="76" count="4" type="cond" truecount="2" falsecount="0"/>
        <line num="77" count="2" type="cond" truecount="2" falsecount="0"/>
        <line num="83" count="38" type="cond" truecount="2" falsecount="0"/>
        <line num="84" count="38" type="cond" truecount="2" falsecount="0"/>
        <line num="88" count="43" type="cond" truecount="2" falsecount="0"/>
        <line num="89" count="38" type="cond" truecount="2" falsecount="0"/>
        <line num="91" count="20" type="stmt"/>
      </file>
    </metrics>
  </project>
</coverage>
