<?xml version="1.0" encoding="UTF-8"?>
<coverage generated="1568314664884" clover="3.2.0">
  <project timestamp="1568314664884" name="All files">
    <metrics statements="24" coveredstatements="24" conditionals="50" coveredconditionals="43" methods="7" coveredmethods="7" elements="81" coveredelements="74" complexity="0" loc="24" ncloc="24" packages="1" files="1" classes="1">
      <file name="ConnectionAware.vue" path="/Users/sachazvetelman/Documents/Development/Repositories/vue-connection-aware/src/components/ConnectionAware.vue">
        <metrics statements="24" coveredstatements="24" conditionals="50" coveredconditionals="43" methods="7" coveredmethods="7"/>
        <line num="1" count="1" type="stmt"/>
        <line num="4" count="1" type="stmt"/>
        <line num="7" count="1" type="stmt"/>
        <line num="14" count="1" type="stmt"/>
        <line num="19" count="1" type="stmt"/>
        <line num="25" count="1" type="stmt"/>
        <line num="50" count="32" type="stmt"/>
        <line num="59" count="32" type="cond" truecount="4" falsecount="0"/>
        <line num="60" count="4" type="stmt"/>
        <line num="63" count="28" type="stmt"/>
        <line num="64" count="28" type="cond" truecount="4" falsecount="0"/>
        <line num="65" count="28" type="stmt"/>
        <line num="66" count="28" type="cond" truecount="2" falsecount="0"/>
        <line num="70" count="32" type="cond" truecount="2" falsecount="0"/>
        <line num="73" count="28" type="cond" truecount="7" falsecount="1"/>
        <line num="76" count="32" type="stmt"/>
        <line num="79" count="4" type="cond" truecount="2" falsecount="0"/>
        <line num="82" count="2" type="cond" truecount="7" falsecount="1"/>
        <line num="89" count="35" type="cond" truecount="7" falsecount="1"/>
        <line num="90" count="35" type="cond" truecount="3" falsecount="1"/>
        <line num="94" count="1" type="stmt"/>
        <line num="96" count="1" type="cond" truecount="2" falsecount="2"/>
        <line num="97" count="32" type="cond" truecount="3" falsecount="1"/>
        <line num="98" count="1" type="stmt"/>
      </file>
    </metrics>
  </project>
</coverage>
