{"/Users/sachazvetelman/Documents/Development/Repositories/vue-connection-aware/src/components/ConnectionAware.vue": {"path":"/Users/sachazvetelman/Documents/Development/Repositories/vue-connection-aware/src/components/ConnectionAware.vue","statementMap":{"0":{"start":{"line":8,"column":0},"end":{"line":null,"column":-1}},"1":{"start":{"line":14,"column":0},"end":{"line":null,"column":-1}},"2":{"start":{"line":46,"column":0},"end":{"line":null,"column":-1}},"3":{"start":{"line":55,"column":0},"end":{"line":57,"column":0}},"4":{"start":{"line":56,"column":0},"end":{"line":null,"column":-1}},"5":{"start":{"line":59,"column":0},"end":{"line":null,"column":-1}},"6":{"start":{"line":60,"column":0},"end":{"line":null,"column":-1}},"7":{"start":{"line":61,"column":0},"end":{"line":null,"column":-1}},"8":{"start":{"line":63,"column":0},"end":{"line":null,"column":-1}},"9":{"start":{"line":68,"column":0},"end":{"line":70,"column":0}},"10":{"start":{"line":69,"column":0},"end":{"line":null,"column":-1}},"11":{"start":{"line":72,"column":0},"end":{"line":null,"column":-1}},"12":{"start":{"line":76,"column":0},"end":{"line":78,"column":0}},"13":{"start":{"line":77,"column":0},"end":{"line":null,"column":-1}},"14":{"start":{"line":83,"column":0},"end":{"line":null,"column":-1}},"15":{"start":{"line":84,"column":0},"end":{"line":null,"column":-1}}},"fnMap":{"0":{"name":"data","decl":{"start":{"line":45,"column":0},"end":{"line":null,"column":-1}},"loc":{"start":{"line":45,"column":0},"end":{"line":52,"column":0}}},"1":{"name":"shouldRender","decl":{"start":{"line":54,"column":0},"end":{"line":null,"column":-1}},"loc":{"start":{"line":54,"column":0},"end":{"line":64,"column":0}}},"2":{"name":"created","decl":{"start":{"line":67,"column":0},"end":{"line":null,"column":-1}},"loc":{"start":{"line":67,"column":0},"end":{"line":73,"column":0}}},"3":{"name":"destroyed","decl":{"start":{"line":75,"column":0},"end":{"line":null,"column":-1}},"loc":{"start":{"line":75,"column":0},"end":{"line":79,"column":0}}},"4":{"name":"updateConnection","decl":{"start":{"line":82,"column":0},"end":{"line":null,"column":-1}},"loc":{"start":{"line":82,"column":0},"end":{"line":85,"column":0}}}},"branchMap":{"0":{"loc":{"start":{"line":55,"column":0},"end":{"line":57,"column":0}},"type":"if","locations":[{"start":{"line":55,"column":0},"end":{"line":57,"column":0}},{"start":{"line":55,"column":0},"end":{"line":57,"column":0}}]},"1":{"loc":{"start":{"line":55,"column":0},"end":{"line":null,"column":-1}},"type":"binary-expr","locations":[{"start":{"line":55,"column":0},"end":{"line":null,"column":-1}},{"start":{"line":55,"column":0},"end":{"line":null,"column":-1}}]},"2":{"loc":{"start":{"line":60,"column":0},"end":{"line":null,"column":-1}},"type":"binary-expr","locations":[{"start":{"line":60,"column":0},"end":{"line":null,"column":-1}},{"start":{"line":60,"column":0},"end":{"line":null,"column":-1}},{"start":{"line":60,"column":0},"end":{"line":null,"column":-1}},{"start":{"line":60,"column":0},"end":{"line":null,"column":-1}}]},"3":{"loc":{"start":{"line":63,"column":0},"end":{"line":null,"column":-1}},"type":"binary-expr","locations":[{"start":{"line":63,"column":0},"end":{"line":null,"column":-1}},{"start":{"line":63,"column":0},"end":{"line":null,"column":-1}}]},"4":{"loc":{"start":{"line":68,"column":0},"end":{"line":70,"column":0}},"type":"if","locations":[{"start":{"line":68,"column":0},"end":{"line":70,"column":0}},{"start":{"line":68,"column":0},"end":{"line":70,"column":0}}]},"5":{"loc":{"start":{"line":69,"column":0},"end":{"line":null,"column":-1}},"type":"cond-expr","locations":[{"start":{"line":69,"column":0},"end":{"line":null,"column":-1}},{"start":{"line":69,"column":0},"end":{"line":null,"column":-1}}]},"6":{"loc":{"start":{"line":76,"column":0},"end":{"line":78,"column":0}},"type":"if","locations":[{"start":{"line":76,"column":0},"end":{"line":78,"column":0}},{"start":{"line":76,"column":0},"end":{"line":78,"column":0}}]},"7":{"loc":{"start":{"line":77,"column":0},"end":{"line":null,"column":-1}},"type":"cond-expr","locations":[{"start":{"line":77,"column":0},"end":{"line":null,"column":-1}},{"start":{"line":77,"column":0},"end":{"line":null,"column":-1}}]},"8":{"loc":{"start":{"line":83,"column":0},"end":{"line":null,"column":-1}},"type":"cond-expr","locations":[{"start":{"line":83,"column":0},"end":{"line":null,"column":-1}},{"start":{"line":83,"column":0},"end":{"line":null,"column":-1}}]},"9":{"loc":{"start":{"line":84,"column":0},"end":{"line":null,"column":-1}},"type":"cond-expr","locations":[{"start":{"line":84,"column":0},"end":{"line":null,"column":-1}},{"start":{"line":84,"column":0},"end":{"line":null,"column":-1}}]}},"s":{"0":1,"1":1,"2":32,"3":32,"4":4,"5":28,"6":28,"7":28,"8":28,"9":32,"10":28,"11":32,"12":4,"13":2,"14":35,"15":35},"f":{"0":32,"1":32,"2":32,"3":4,"4":35},"b":{"0":[4,28],"1":[32,9],"2":[28,16,13,11],"3":[28,17],"4":[28,4],"5":[62,106],"6":[2,2],"7":[5,7],"8":[80,130],"9":[35,70]}}
}
