{"/Users/sachazvetelman/Documents/Development/Repositories/vue-connection-aware/src/plugins/ConnectionAware/ConnectionAware.vue": {"path":"/Users/sachazvetelman/Documents/Development/Repositories/vue-connection-aware/src/plugins/ConnectionAware/ConnectionAware.vue","statementMap":{"0":{"start":{"line":8,"column":0},"end":{"line":null,"column":-1}},"1":{"start":{"line":40,"column":0},"end":{"line":null,"column":-1}},"2":{"start":{"line":55,"column":0},"end":{"line":57,"column":0}},"3":{"start":{"line":56,"column":0},"end":{"line":null,"column":-1}},"4":{"start":{"line":59,"column":0},"end":{"line":null,"column":-1}},"5":{"start":{"line":60,"column":0},"end":{"line":null,"column":-1}},"6":{"start":{"line":61,"column":0},"end":{"line":null,"column":-1}},"7":{"start":{"line":63,"column":0},"end":{"line":null,"column":-1}},"8":{"start":{"line":68,"column":0},"end":{"line":70,"column":0}},"9":{"start":{"line":69,"column":0},"end":{"line":null,"column":-1}},"10":{"start":{"line":72,"column":0},"end":{"line":null,"column":-1}},"11":{"start":{"line":76,"column":0},"end":{"line":78,"column":0}},"12":{"start":{"line":77,"column":0},"end":{"line":null,"column":-1}},"13":{"start":{"line":83,"column":0},"end":{"line":null,"column":-1}},"14":{"start":{"line":84,"column":0},"end":{"line":null,"column":-1}},"15":{"start":{"line":88,"column":0},"end":{"line":null,"column":-1}},"16":{"start":{"line":89,"column":0},"end":{"line":null,"column":-1}},"17":{"start":{"line":91,"column":0},"end":{"line":null,"column":-1}}},"fnMap":{"0":{"name":"data","decl":{"start":{"line":39,"column":0},"end":{"line":null,"column":-1}},"loc":{"start":{"line":39,"column":0},"end":{"line":51,"column":0}}},"1":{"name":"shouldRender","decl":{"start":{"line":54,"column":0},"end":{"line":null,"column":-1}},"loc":{"start":{"line":54,"column":0},"end":{"line":64,"column":0}}},"2":{"name":"created","decl":{"start":{"line":67,"column":0},"end":{"line":null,"column":-1}},"loc":{"start":{"line":67,"column":0},"end":{"line":73,"column":0}}},"3":{"name":"destroyed","decl":{"start":{"line":75,"column":0},"end":{"line":null,"column":-1}},"loc":{"start":{"line":75,"column":0},"end":{"line":79,"column":0}}},"4":{"name":"updateConnection","decl":{"start":{"line":82,"column":0},"end":{"line":null,"column":-1}},"loc":{"start":{"line":82,"column":0},"end":{"line":85,"column":0}}},"5":{"name":"getConnectionCategoryByDownloadSpeed","decl":{"start":{"line":87,"column":0},"end":{"line":null,"column":-1}},"loc":{"start":{"line":87,"column":0},"end":{"line":92,"column":0}}}},"branchMap":{"0":{"loc":{"start":{"line":55,"column":0},"end":{"line":57,"column":0}},"type":"if","locations":[{"start":{"line":55,"column":0},"end":{"line":57,"column":0}},{"start":{"line":55,"column":0},"end":{"line":57,"column":0}}]},"1":{"loc":{"start":{"line":55,"column":0},"end":{"line":null,"column":-1}},"type":"binary-expr","locations":[{"start":{"line":55,"column":0},"end":{"line":null,"column":-1}},{"start":{"line":55,"column":0},"end":{"line":null,"column":-1}}]},"2":{"loc":{"start":{"line":60,"column":0},"end":{"line":null,"column":-1}},"type":"binary-expr","locations":[{"start":{"line":60,"column":0},"end":{"line":null,"column":-1}},{"start":{"line":60,"column":0},"end":{"line":null,"column":-1}},{"start":{"line":60,"column":0},"end":{"line":null,"column":-1}},{"start":{"line":60,"column":0},"end":{"line":null,"column":-1}}]},"3":{"loc":{"start":{"line":63,"column":0},"end":{"line":null,"column":-1}},"type":"binary-expr","locations":[{"start":{"line":63,"column":0},"end":{"line":null,"column":-1}},{"start":{"line":63,"column":0},"end":{"line":null,"column":-1}}]},"4":{"loc":{"start":{"line":68,"column":0},"end":{"line":70,"column":0}},"type":"if","locations":[{"start":{"line":68,"column":0},"end":{"line":70,"column":0}},{"start":{"line":68,"column":0},"end":{"line":70,"column":0}}]},"5":{"loc":{"start":{"line":69,"column":0},"end":{"line":null,"column":-1}},"type":"cond-expr","locations":[{"start":{"line":69,"column":0},"end":{"line":null,"column":-1}},{"start":{"line":69,"column":0},"end":{"line":null,"column":-1}}]},"6":{"loc":{"start":{"line":76,"column":0},"end":{"line":78,"column":0}},"type":"if","locations":[{"start":{"line":76,"column":0},"end":{"line":78,"column":0}},{"start":{"line":76,"column":0},"end":{"line":78,"column":0}}]},"7":{"loc":{"start":{"line":77,"column":0},"end":{"line":null,"column":-1}},"type":"cond-expr","locations":[{"start":{"line":77,"column":0},"end":{"line":null,"column":-1}},{"start":{"line":77,"column":0},"end":{"line":null,"column":-1}}]},"8":{"loc":{"start":{"line":83,"column":0},"end":{"line":null,"column":-1}},"type":"cond-expr","locations":[{"start":{"line":83,"column":0},"end":{"line":null,"column":-1}},{"start":{"line":83,"column":0},"end":{"line":null,"column":-1}}]},"9":{"loc":{"start":{"line":84,"column":0},"end":{"line":null,"column":-1}},"type":"cond-expr","locations":[{"start":{"line":84,"column":0},"end":{"line":null,"column":-1}},{"start":{"line":84,"column":0},"end":{"line":null,"column":-1}}]},"10":{"loc":{"start":{"line":88,"column":0},"end":{"line":null,"column":-1}},"type":"if","locations":[{"start":{"line":88,"column":0},"end":{"line":null,"column":-1}},{"start":{"line":88,"column":0},"end":{"line":null,"column":-1}}]},"11":{"loc":{"start":{"line":89,"column":0},"end":{"line":null,"column":-1}},"type":"if","locations":[{"start":{"line":89,"column":0},"end":{"line":null,"column":-1}},{"start":{"line":89,"column":0},"end":{"line":null,"column":-1}}]}},"s":{"0":1,"1":35,"2":35,"3":4,"4":31,"5":31,"6":31,"7":31,"8":35,"9":31,"10":35,"11":4,"12":2,"13":38,"14":38,"15":43,"16":38,"17":20},"f":{"0":35,"1":35,"2":35,"3":4,"4":38,"5":36},"b":{"0":[4,31],"1":[35,14],"2":[31,15,13,11],"3":[31,26],"4":[31,4],"5":[73,113],"6":[2,2],"7":[5,7],"8":[91,137],"9":[38,76],"10":[7,29],"11":[9,20]}}
}
