TN:
SF:/Users/sachazvetelman/Documents/Development/Repositories/vue-connection-aware/src/plugins/ConnectionAware/ConnectionAware.vue
FN:39,data
FN:54,shouldRender
FN:67,created
FN:75,destroyed
FN:82,updateConnection
FN:87,getConnectionCategoryByDownloadSpeed
FNF:6
FNH:6
FNDA:33,data
FNDA:33,shouldRender
FNDA:33,created
FNDA:4,destroyed
FNDA:36,updateConnection
FNDA:32,getConnectionCategoryByDownloadSpeed
DA:8,1
DA:40,33
DA:55,33
DA:56,4
DA:59,29
DA:60,29
DA:61,29
DA:63,29
DA:68,33
DA:69,29
DA:72,33
DA:76,4
DA:77,2
DA:83,36
DA:84,36
DA:88,38
DA:89,34
DA:91,18
LF:18
LH:18
BRDA:55,0,0,4
BRDA:55,0,1,29
BRDA:55,1,0,33
BRDA:55,1,1,12
BRDA:60,2,0,29
BRDA:60,2,1,13
BRDA:60,2,2,11
BRDA:60,2,3,9
BRDA:63,3,0,29
BRDA:63,3,1,24
BRDA:68,4,0,29
BRDA:68,4,1,4
BRDA:69,5,0,67
BRDA:69,5,1,107
BRDA:76,6,0,2
BRDA:76,6,1,2
BRDA:77,7,0,5
BRDA:77,7,1,7
BRDA:83,8,0,85
BRDA:83,8,1,131
BRDA:84,9,0,36
BRDA:84,9,1,72
BRDA:88,10,0,6
BRDA:88,10,1,26
BRDA:89,11,0,8
BRDA:89,11,1,18
BRF:26
BRH:26
end_of_record
