TN:
SF:/Users/sachazvetelman/Documents/Development/Repositories/vue-connection-aware/src/components/ConnectionAware.vue
FN:45,data
FN:54,shouldRender
FN:67,created
FN:75,destroyed
FN:82,updateConnection
FNF:5
FNH:5
FNDA:32,data
FNDA:32,shouldRender
FNDA:32,created
FNDA:4,destroyed
FNDA:35,updateConnection
DA:8,1
DA:14,1
DA:46,32
DA:55,32
DA:56,4
DA:59,28
DA:60,28
DA:61,28
DA:63,28
DA:68,32
DA:69,28
DA:72,32
DA:76,4
DA:77,2
DA:83,35
DA:84,35
LF:16
LH:16
BRDA:55,0,0,4
BRDA:55,0,1,28
BRDA:55,1,0,32
BRDA:55,1,1,9
BRDA:60,2,0,28
BRDA:60,2,1,16
BRDA:60,2,2,13
BRDA:60,2,3,11
BRDA:63,3,0,28
BRDA:63,3,1,17
BRDA:68,4,0,28
BRDA:68,4,1,4
BRDA:69,5,0,62
BRDA:69,5,1,106
BRDA:76,6,0,2
BRDA:76,6,1,2
BRDA:77,7,0,5
BRDA:77,7,1,7
BRDA:83,8,0,80
BRDA:83,8,1,130
BRDA:84,9,0,35
BRDA:84,9,1,70
BRF:22
BRH:22
end_of_record
